ISim log file
Running: D:\Proyectos\Proyecto2Taller\P2-TD\state_machine_tb_isim_beh.exe -intstyle ise -gui -tclbatch isim.cmd -wdb D:/Proyectos/Proyecto2Taller/P2-TD/state_machine_tb_isim_beh.wdb 
ISim P.20131013 (signature 0x7708f090)
WARNING: A WEBPACK license was found.
WARNING: Please use Xilinx License Configuration Manager to check out a full ISim license.
WARNING: ISim will run in Lite mode. Please refer to the ISim documentation for more information on the differences between the Lite and the Full version.
This is a Lite version of ISim.
Time resolution is 1 ps
# onerror resume
# wave add /
# run 1000 ns
Simulator is doing circuit initialization process.
StopGo UpDown Estado Final
Finished circuit initialization process.
0 0 xxx
0 0 001
0 1 001
0 1 010
1 0 010
0 1 010
0 1 011
0 0 011
0 0 010
0 1 010
0 1 011
0 0 011
0 0 010
0 0 001
Stopped at time : 180 ns : File "D:/Proyectos/Proyecto2Taller/state_machine_tb.v" Line 93
