
****** PlanAhead v14.7 (64-bit)
  **** Build 321239 by xbuild on Fri Sep 27 19:29:51 MDT 2013
    ** Copyright 1986-1999, 2001-2013 Xilinx, Inc. All Rights Reserved.

INFO: [Common 17-78] Attempting to get a license: PlanAhead
INFO: [Common 17-290] Got license for PlanAhead
INFO: [Device 21-36] Loading parts and site information from C:/Xilinx/14.7/ISE_DS/PlanAhead/data/parts/arch.xml
Parsing RTL primitives file [C:/Xilinx/14.7/ISE_DS/PlanAhead/data/parts/xilinx/rtl/prims/rtl_prims.xml]
Finished parsing RTL primitives file [C:/Xilinx/14.7/ISE_DS/PlanAhead/data/parts/xilinx/rtl/prims/rtl_prims.xml]
start_gui
source D:/Proyectos/Proyecto2Taller/P2-TD/pa.fromHdl.tcl
# create_project -name Proyecto2Taller -dir "D:/Proyectos/Proyecto2Taller/P2-TD/planAhead_run_1" -part xc6slx16csg324-3
create_project: Time (s): elapsed = 00:00:07 . Memory (MB): peak = 429.348 ; gain = 59.488
# set_param project.pinAheadLayout yes
# set srcset [get_property srcset [current_run -impl]]
# set_property target_constrs_file "top.ucf" [current_fileset -constrset]
Adding file 'D:/Proyectos/Proyecto2Taller/P2-TD/top.ucf' to fileset 'constrs_1'
# set hdlfile [add_files [list {switch_input_comparator.v}]]
# set_property file_type Verilog $hdlfile
# set_property library work $hdlfile
# set hdlfile [add_files [list {state_machine.v}]]
# set_property file_type Verilog $hdlfile
# set_property library work $hdlfile
# set hdlfile [add_files [list {numberFloor_controller.v}]]
# set_property file_type Verilog $hdlfile
# set_property library work $hdlfile
# set hdlfile [add_files [list {memory.v}]]
# set_property file_type Verilog $hdlfile
# set_property library work $hdlfile
# set hdlfile [add_files [list {floor_input_comparator.v}]]
# set_property file_type Verilog $hdlfile
# set_property library work $hdlfile
# set hdlfile [add_files [list {floor_comparator.v}]]
# set_property file_type Verilog $hdlfile
# set_property library work $hdlfile
# set hdlfile [add_files [list {displayController.v}]]
# set_property file_type Verilog $hdlfile
# set_property library work $hdlfile
# set hdlfile [add_files [list {buttons_controller.v}]]
# set_property file_type Verilog $hdlfile
# set_property library work $hdlfile
# set hdlfile [add_files [list {top.v}]]
# set_property file_type Verilog $hdlfile
# set_property library work $hdlfile
# set_property top top $srcset
# add_files [list {top.ucf}] -fileset [get_property constrset [current_run]]
# open_rtl_design -part xc6slx16csg324-3
Using Verific elaboration
Parsing VHDL file "C:/Xilinx/14.7/ISE_DS/PlanAhead/data/parts/xilinx/rtl/lib/synplify/synattr.vhd" into library synplify
Analyzing Verilog file "D:/Proyectos/Proyecto2Taller/P2-TD/switch_input_comparator.v" into library work
Analyzing Verilog file "D:/Proyectos/Proyecto2Taller/P2-TD/state_machine.v" into library work
Analyzing Verilog file "D:/Proyectos/Proyecto2Taller/P2-TD/numberFloor_controller.v" into library work
Analyzing Verilog file "D:/Proyectos/Proyecto2Taller/P2-TD/memory.v" into library work
Analyzing Verilog file "D:/Proyectos/Proyecto2Taller/P2-TD/floor_input_comparator.v" into library work
Analyzing Verilog file "D:/Proyectos/Proyecto2Taller/P2-TD/floor_comparator.v" into library work
Analyzing Verilog file "D:/Proyectos/Proyecto2Taller/P2-TD/displayController.v" into library work
Analyzing Verilog file "D:/Proyectos/Proyecto2Taller/P2-TD/buttons_controller.v" into library work
Analyzing Verilog file "D:/Proyectos/Proyecto2Taller/P2-TD/top.v" into library work
Loading clock regions from C:/Xilinx/14.7/ISE_DS/PlanAhead/data\parts/xilinx/spartan6/spartan6lx/xc6slx16/ClockRegion.xml
Loading clock buffers from C:/Xilinx/14.7/ISE_DS/PlanAhead/data\parts/xilinx/spartan6/spartan6lx/xc6slx16/ClockBuffers.xml
Loading package pin functions from C:/Xilinx/14.7/ISE_DS/PlanAhead/data\parts/xilinx/spartan6/PinFunctions.xml...
Loading package from C:/Xilinx/14.7/ISE_DS/PlanAhead/data\parts/xilinx/spartan6/spartan6lx/xc6slx16/csg324/Package.xml
Loading io standards from C:/Xilinx/14.7/ISE_DS/PlanAhead/data\./parts/xilinx/spartan6/IOStandards.xml
Loading device configuration modes from C:/Xilinx/14.7/ISE_DS/PlanAhead/data\parts/xilinx/spartan6/ConfigModes.xml
Loading list of drcs for the architecture : C:/Xilinx/14.7/ISE_DS/PlanAhead/data\./parts/xilinx/spartan6/drc.xml
Parsing UCF File [D:/Proyectos/Proyecto2Taller/P2-TD/top.ucf]
Finished Parsing UCF File [D:/Proyectos/Proyecto2Taller/P2-TD/top.ucf]
INFO: [Project 1-111] Unisim Transformation Summary:
No Unisim elements were transformed.

Phase 0 | Netlist Checksum: 955ad966
open_rtl_design: Time (s): elapsed = 00:00:41 . Memory (MB): peak = 617.648 ; gain = 176.457
update_compile_order -fileset sim_1
exit
ERROR: [Common 17-39] 'stop_gui' failed due to earlier errors.
INFO: [Common 17-206] Exiting PlanAhead at Sun Apr 02 00:53:20 2017...
INFO: [Common 17-83] Releasing license: PlanAhead
