Command line:
   switch_input_comparator_tb_isim_beh.exe
     -simmode  gui
     -simrunnum  0
     -socket  51236

Wed Mar 29 18:39:54 2017


 Elaboration Time: 0.296875 sec

 Current Memory Usage: 1493.46 Meg

 Total Signals          : 20
 Total Nets             : 24
 Total Signal Drivers   : 12
 Total Blocks           : 3
 Total Primitive Blocks : 2
 Total Processes        : 15
 Total Traceable Variables  : 25
 Total Scalar Nets and Variables : 115
Total Line Count : 69

 Total Simulation Time: 1.40625 sec

 Current Memory Usage: 864.285 Meg

Wed Mar 29 18:42:51 2017

