Command line:
   floor_input_comparator_tb_isim_beh.exe
     -simmode  gui
     -simrunnum  0
     -socket  51548

Wed Mar 29 19:22:32 2017


 Elaboration Time: 0.28125 sec

 Current Memory Usage: 1336.19 Meg

 Total Signals          : 18
 Total Nets             : 21
 Total Signal Drivers   : 10
 Total Blocks           : 3
 Total Primitive Blocks : 2
 Total Processes        : 13
 Total Traceable Variables  : 23
 Total Scalar Nets and Variables : 109
Total Line Count : 57

 Total Simulation Time: 0.28125 sec

 Current Memory Usage: 1336.19 Meg

Wed Mar 29 19:22:47 2017

